<?xml version="1.0" encoding="UTF-8"?>
<testsuite xmlns:xsi="http://www.w3.org/2001/XMLSchema-instance" xsi:noNamespaceSchemaLocation="https://maven.apache.org/surefire/maven-surefire-plugin/xsd/surefire-test-report-3.0.xsd" version="3.0" name="GameTest" time="0.068" tests="3" errors="0" skipped="0" failures="0">
  <properties>
    <property name="java.specification.version" value="17"/>
    <property name="sun.cpu.isalist" value="amd64"/>
    <property name="sun.jnu.encoding" value="Cp1250"/>
    <property name="java.class.path" value="C:\Users\Fran\PokerAI\target\test-classes;C:\Users\Fran\PokerAI\target\classes;C:\Users\Fran\.m2\repository\org\junit\jupiter\junit-jupiter\5.9.1\junit-jupiter-5.9.1.jar;C:\Users\Fran\.m2\repository\org\junit\jupiter\junit-jupiter-api\5.9.1\junit-jupiter-api-5.9.1.jar;C:\Users\Fran\.m2\repository\org\opentest4j\opentest4j\1.2.0\opentest4j-1.2.0.jar;C:\Users\Fran\.m2\repository\org\junit\platform\junit-platform-commons\1.9.1\junit-platform-commons-1.9.1.jar;C:\Users\Fran\.m2\repository\org\apiguardian\apiguardian-api\1.1.2\apiguardian-api-1.1.2.jar;C:\Users\Fran\.m2\repository\org\junit\jupiter\junit-jupiter-params\5.9.1\junit-jupiter-params-5.9.1.jar;C:\Users\Fran\.m2\repository\org\junit\jupiter\junit-jupiter-engine\5.9.1\junit-jupiter-engine-5.9.1.jar;C:\Users\Fran\.m2\repository\org\junit\platform\junit-platform-engine\1.9.1\junit-platform-engine-1.9.1.jar;C:\Users\Fran\.m2\repository\org\mockito\mockito-core\5.11.0\mockito-core-5.11.0.jar;C:\Users\Fran\.m2\repository\net\bytebuddy\byte-buddy\1.14.12\byte-buddy-1.14.12.jar;C:\Users\Fran\.m2\repository\net\bytebuddy\byte-buddy-agent\1.14.12\byte-buddy-agent-1.14.12.jar;C:\Users\Fran\.m2\repository\org\objenesis\objenesis\3.3\objenesis-3.3.jar;C:\Users\Fran\.m2\repository\org\mockito\mockito-junit-jupiter\5.11.0\mockito-junit-jupiter-5.11.0.jar;C:\Users\Fran\PokerAI\src\main\resources\lib\JmpPokerHandEvaluator.jar;C:\Users\Fran\.m2\repository\org\nd4j\nd4j-native\1.0.0-M2.1\nd4j-native-1.0.0-M2.1.jar;C:\Users\Fran\.m2\repository\org\nd4j\nd4j-native\1.0.0-M2.1\nd4j-native-1.0.0-M2.1-windows-x86_64.jar;C:\Users\Fran\.m2\repository\org\bytedeco\javacpp\1.5.7\javacpp-1.5.7.jar;C:\Users\Fran\.m2\repository\org\nd4j\nd4j-native-api\1.0.0-M2.1\nd4j-native-api-1.0.0-M2.1.jar;C:\Users\Fran\.m2\repository\org\nd4j\nd4j-native-preset\1.0.0-M2.1\nd4j-native-preset-1.0.0-M2.1.jar;C:\Users\Fran\.m2\repository\org\nd4j\nd4j-presets-common\1.0.0-M2.1\nd4j-presets-common-1.0.0-M2.1.jar;C:\Users\Fran\.m2\repository\org\nd4j\nd4j-native-preset\1.0.0-M2.1\nd4j-native-preset-1.0.0-M2.1-windows-x86_64.jar;C:\Users\Fran\.m2\repository\org\bytedeco\openblas\0.3.19-1.5.7\openblas-0.3.19-1.5.7.jar;C:\Users\Fran\.m2\repository\org\bytedeco\openblas\0.3.19-1.5.7\openblas-0.3.19-1.5.7-windows-x86_64.jar;C:\Users\Fran\.m2\repository\org\bytedeco\javacpp\1.5.7\javacpp-1.5.7-windows-x86_64.jar;C:\Users\Fran\.m2\repository\org\nd4j\nd4j-api\1.0.0-M2.1\nd4j-api-1.0.0-M2.1.jar;C:\Users\Fran\.m2\repository\com\jakewharton\byteunits\byteunits\0.9.1\byteunits-0.9.1.jar;C:\Users\Fran\.m2\repository\org\apache\commons\commons-math3\3.5\commons-math3-3.5.jar;C:\Users\Fran\.m2\repository\org\apache\commons\commons-lang3\3.11\commons-lang3-3.11.jar;C:\Users\Fran\.m2\repository\org\apache\commons\commons-collections4\4.1\commons-collections4-4.1.jar;C:\Users\Fran\.m2\repository\com\google\flatbuffers\flatbuffers-java\1.12.0\flatbuffers-java-1.12.0.jar;C:\Users\Fran\.m2\repository\org\nd4j\protobuf\1.0.0-M2.1\protobuf-1.0.0-M2.1.jar;C:\Users\Fran\.m2\repository\com\github\oshi\oshi-core\3.4.2\oshi-core-3.4.2.jar;C:\Users\Fran\.m2\repository\net\java\dev\jna\jna-platform\4.3.0\jna-platform-4.3.0.jar;C:\Users\Fran\.m2\repository\net\java\dev\jna\jna\4.3.0\jna-4.3.0.jar;C:\Users\Fran\.m2\repository\org\threeten\threetenbp\1.3.3\threetenbp-1.3.3.jar;C:\Users\Fran\.m2\repository\org\slf4j\slf4j-api\1.7.21\slf4j-api-1.7.21.jar;C:\Users\Fran\.m2\repository\org\nd4j\jackson\1.0.0-M2.1\jackson-1.0.0-M2.1.jar;C:\Users\Fran\.m2\repository\commons-net\commons-net\3.1\commons-net-3.1.jar;C:\Users\Fran\.m2\repository\net\ericaro\neoitertools\1.0.0\neoitertools-1.0.0.jar;C:\Users\Fran\.m2\repository\org\nd4j\nd4j-common\1.0.0-M2.1\nd4j-common-1.0.0-M2.1.jar;C:\Users\Fran\.m2\repository\org\nd4j\guava\1.0.0-M2.1\guava-1.0.0-M2.1.jar;C:\Users\Fran\.m2\repository\commons-io\commons-io\2.7\commons-io-2.7.jar;C:\Users\Fran\.m2\repository\org\apache\commons\commons-compress\1.21\commons-compress-1.21.jar;C:\Users\Fran\.m2\repository\commons-codec\commons-codec\1.10\commons-codec-1.10.jar;"/>
    <property name="java.vm.vendor" value="Oracle Corporation"/>
    <property name="sun.arch.data.model" value="64"/>
    <property name="user.variant" value=""/>
    <property name="java.vendor.url" value="https://java.oracle.com/"/>
    <property name="user.timezone" value="Europe/Warsaw"/>
    <property name="os.name" value="Windows 10"/>
    <property name="java.vm.specification.version" value="17"/>
    <property name="sun.java.launcher" value="SUN_STANDARD"/>
    <property name="user.country" value="HR"/>
    <property name="sun.boot.library.path" value="C:\Java\jdk-17.0.2\bin"/>
    <property name="sun.java.command" value="C:\Users\Fran\AppData\Local\Temp\surefire3367348570212483872\surefirebooter-20240703212826824_3.jar C:\Users\Fran\AppData\Local\Temp\surefire3367348570212483872 2024-07-03T21-28-26_627-jvmRun1 surefire-20240703212826824_1tmp surefire_0-20240703212826824_2tmp"/>
    <property name="jdk.debug" value="release"/>
    <property name="surefire.test.class.path" value="C:\Users\Fran\PokerAI\target\test-classes;C:\Users\Fran\PokerAI\target\classes;C:\Users\Fran\.m2\repository\org\junit\jupiter\junit-jupiter\5.9.1\junit-jupiter-5.9.1.jar;C:\Users\Fran\.m2\repository\org\junit\jupiter\junit-jupiter-api\5.9.1\junit-jupiter-api-5.9.1.jar;C:\Users\Fran\.m2\repository\org\opentest4j\opentest4j\1.2.0\opentest4j-1.2.0.jar;C:\Users\Fran\.m2\repository\org\junit\platform\junit-platform-commons\1.9.1\junit-platform-commons-1.9.1.jar;C:\Users\Fran\.m2\repository\org\apiguardian\apiguardian-api\1.1.2\apiguardian-api-1.1.2.jar;C:\Users\Fran\.m2\repository\org\junit\jupiter\junit-jupiter-params\5.9.1\junit-jupiter-params-5.9.1.jar;C:\Users\Fran\.m2\repository\org\junit\jupiter\junit-jupiter-engine\5.9.1\junit-jupiter-engine-5.9.1.jar;C:\Users\Fran\.m2\repository\org\junit\platform\junit-platform-engine\1.9.1\junit-platform-engine-1.9.1.jar;C:\Users\Fran\.m2\repository\org\mockito\mockito-core\5.11.0\mockito-core-5.11.0.jar;C:\Users\Fran\.m2\repository\net\bytebuddy\byte-buddy\1.14.12\byte-buddy-1.14.12.jar;C:\Users\Fran\.m2\repository\net\bytebuddy\byte-buddy-agent\1.14.12\byte-buddy-agent-1.14.12.jar;C:\Users\Fran\.m2\repository\org\objenesis\objenesis\3.3\objenesis-3.3.jar;C:\Users\Fran\.m2\repository\org\mockito\mockito-junit-jupiter\5.11.0\mockito-junit-jupiter-5.11.0.jar;C:\Users\Fran\PokerAI\src\main\resources\lib\JmpPokerHandEvaluator.jar;C:\Users\Fran\.m2\repository\org\nd4j\nd4j-native\1.0.0-M2.1\nd4j-native-1.0.0-M2.1.jar;C:\Users\Fran\.m2\repository\org\nd4j\nd4j-native\1.0.0-M2.1\nd4j-native-1.0.0-M2.1-windows-x86_64.jar;C:\Users\Fran\.m2\repository\org\bytedeco\javacpp\1.5.7\javacpp-1.5.7.jar;C:\Users\Fran\.m2\repository\org\nd4j\nd4j-native-api\1.0.0-M2.1\nd4j-native-api-1.0.0-M2.1.jar;C:\Users\Fran\.m2\repository\org\nd4j\nd4j-native-preset\1.0.0-M2.1\nd4j-native-preset-1.0.0-M2.1.jar;C:\Users\Fran\.m2\repository\org\nd4j\nd4j-presets-common\1.0.0-M2.1\nd4j-presets-common-1.0.0-M2.1.jar;C:\Users\Fran\.m2\repository\org\nd4j\nd4j-native-preset\1.0.0-M2.1\nd4j-native-preset-1.0.0-M2.1-windows-x86_64.jar;C:\Users\Fran\.m2\repository\org\bytedeco\openblas\0.3.19-1.5.7\openblas-0.3.19-1.5.7.jar;C:\Users\Fran\.m2\repository\org\bytedeco\openblas\0.3.19-1.5.7\openblas-0.3.19-1.5.7-windows-x86_64.jar;C:\Users\Fran\.m2\repository\org\bytedeco\javacpp\1.5.7\javacpp-1.5.7-windows-x86_64.jar;C:\Users\Fran\.m2\repository\org\nd4j\nd4j-api\1.0.0-M2.1\nd4j-api-1.0.0-M2.1.jar;C:\Users\Fran\.m2\repository\com\jakewharton\byteunits\byteunits\0.9.1\byteunits-0.9.1.jar;C:\Users\Fran\.m2\repository\org\apache\commons\commons-math3\3.5\commons-math3-3.5.jar;C:\Users\Fran\.m2\repository\org\apache\commons\commons-lang3\3.11\commons-lang3-3.11.jar;C:\Users\Fran\.m2\repository\org\apache\commons\commons-collections4\4.1\commons-collections4-4.1.jar;C:\Users\Fran\.m2\repository\com\google\flatbuffers\flatbuffers-java\1.12.0\flatbuffers-java-1.12.0.jar;C:\Users\Fran\.m2\repository\org\nd4j\protobuf\1.0.0-M2.1\protobuf-1.0.0-M2.1.jar;C:\Users\Fran\.m2\repository\com\github\oshi\oshi-core\3.4.2\oshi-core-3.4.2.jar;C:\Users\Fran\.m2\repository\net\java\dev\jna\jna-platform\4.3.0\jna-platform-4.3.0.jar;C:\Users\Fran\.m2\repository\net\java\dev\jna\jna\4.3.0\jna-4.3.0.jar;C:\Users\Fran\.m2\repository\org\threeten\threetenbp\1.3.3\threetenbp-1.3.3.jar;C:\Users\Fran\.m2\repository\org\slf4j\slf4j-api\1.7.21\slf4j-api-1.7.21.jar;C:\Users\Fran\.m2\repository\org\nd4j\jackson\1.0.0-M2.1\jackson-1.0.0-M2.1.jar;C:\Users\Fran\.m2\repository\commons-net\commons-net\3.1\commons-net-3.1.jar;C:\Users\Fran\.m2\repository\net\ericaro\neoitertools\1.0.0\neoitertools-1.0.0.jar;C:\Users\Fran\.m2\repository\org\nd4j\nd4j-common\1.0.0-M2.1\nd4j-common-1.0.0-M2.1.jar;C:\Users\Fran\.m2\repository\org\nd4j\guava\1.0.0-M2.1\guava-1.0.0-M2.1.jar;C:\Users\Fran\.m2\repository\commons-io\commons-io\2.7\commons-io-2.7.jar;C:\Users\Fran\.m2\repository\org\apache\commons\commons-compress\1.21\commons-compress-1.21.jar;C:\Users\Fran\.m2\repository\commons-codec\commons-codec\1.10\commons-codec-1.10.jar;"/>
    <property name="sun.cpu.endian" value="little"/>
    <property name="user.home" value="C:\Users\Fran"/>
    <property name="user.language" value="hr"/>
    <property name="java.specification.vendor" value="Oracle Corporation"/>
    <property name="java.version.date" value="2022-01-18"/>
    <property name="java.home" value="C:\Java\jdk-17.0.2"/>
    <property name="file.separator" value="\"/>
    <property name="basedir" value="C:\Users\Fran\PokerAI"/>
    <property name="java.vm.compressedOopsMode" value="32-bit"/>
    <property name="line.separator" value="&#10;"/>
    <property name="java.vm.specification.vendor" value="Oracle Corporation"/>
    <property name="java.specification.name" value="Java Platform API Specification"/>
    <property name="surefire.real.class.path" value="C:\Users\Fran\AppData\Local\Temp\surefire3367348570212483872\surefirebooter-20240703212826824_3.jar"/>
    <property name="user.script" value=""/>
    <property name="sun.management.compiler" value="HotSpot 64-Bit Tiered Compilers"/>
    <property name="java.runtime.version" value="17.0.2+8-86"/>
    <property name="user.name" value="Fran"/>
    <property name="path.separator" value=";"/>
    <property name="os.version" value="10.0"/>
    <property name="java.runtime.name" value="OpenJDK Runtime Environment"/>
    <property name="file.encoding" value="Cp1250"/>
    <property name="java.vm.name" value="OpenJDK 64-Bit Server VM"/>
    <property name="localRepository" value="C:\Users\Fran\.m2\repository"/>
    <property name="java.vendor.url.bug" value="https://bugreport.java.com/bugreport/"/>
    <property name="java.io.tmpdir" value="C:\Users\Fran\AppData\Local\Temp\"/>
    <property name="java.version" value="17.0.2"/>
    <property name="user.dir" value="C:\Users\Fran\PokerAI"/>
    <property name="os.arch" value="amd64"/>
    <property name="java.vm.specification.name" value="Java Virtual Machine Specification"/>
    <property name="sun.os.patch.level" value=""/>
    <property name="native.encoding" value="Cp1250"/>
    <property name="java.library.path" value="C:\Java\jdk-17.0.2\bin;C:\Windows\Sun\Java\bin;C:\Windows\system32;C:\Windows;C:\Program Files (x86)\Common Files\Oracle\Java\javapath;C:\Program Files (x86)\Razer\ChromaBroadcast\bin;C:\Program Files\Razer\ChromaBroadcast\bin;C:\Windows\system32;C:\Windows;C:\Windows\System32\Wbem;C:\Windows\System32\WindowsPowerShell\v1.0\;C:\Windows\System32\OpenSSH\;C:\Program Files (x86)\NVIDIA Corporation\PhysX\Common;C:\Windows\system32\config\systemprofile\AppData\Local\Microsoft\WindowsApps;C:\Java\jdk-17.0.2\bin;C:\Program Files\dotnet\;C:\Program Files\Git\cmd;C:\Users\Fran\AppData\Local\Android\Sdk\platform-tools;C:\Program Files\Microsoft SQL Server\150\Tools\Binn\;C:\Program Files\Microsoft SQL Server\Client SDK\ODBC\170\Tools\Binn\;C:\msys64\mingw64\bin;C:\Program Files\Git\bin;C:\Program Files\nodejs\;C:\Users\Fran\maven\apache-maven-3.9.8\bin;C:\Users\Fran\AppData\Local\Programs\Python\Python310\Scripts\;C:\Users\Fran\AppData\Local\Programs\Python\Python310\;C:\Windows\system32;C:\Windows;C:\Windows\System32\Wbem;C:\Windows\System32\WindowsPowerShell\v1.0\;C:\Windows\System32\OpenSSH\;C:\Windows\system32;C:\Windows;C:\Windows\System32\Wbem;C:\Windows\System32\WindowsPowerShell\v1.0\;C:\Windows\System32\OpenSSH\;C:\Users\Fran\AppData\Local\Microsoft\WindowsApps;;C:\MinGW\Bin;C:\MinGW\Bin;C:\Users\Fran\AppData\Local\Programs\Microsoft VS Code\bin;C:\Users\Fran\.dotnet\tools;C:\Users\Fran\AppData\Roaming\npm;."/>
    <property name="java.vm.info" value="mixed mode, sharing"/>
    <property name="java.vendor" value="Oracle Corporation"/>
    <property name="java.vm.version" value="17.0.2+8-86"/>
    <property name="sun.io.unicode.encoding" value="UnicodeLittle"/>
    <property name="java.class.version" value="61.0"/>
  </properties>
  <testcase name="testGameOneTurn" classname="GameTest" time="0.015"/>
  <testcase name="testGameOneAction" classname="GameTest" time="0.029"/>
  <testcase name="testGameConstructor" classname="GameTest" time="0.004"/>
</testsuite>